  RayTracer.cpp
C:\Users\hugop\Documents\01 - Gamagora\04 - Synthése d'images\RayTracer_Gamagora\RayTracer\RayTracer.cpp(23,21): warning C4305: 'initialisation' : troncation de 'double' à 'float'
C:\Users\hugop\Documents\01 - Gamagora\04 - Synthése d'images\RayTracer_Gamagora\RayTracer\RayTracer.cpp(130,28): warning C4244: 'initialisation' : conversion de 'double' en 'float', perte possible de données
C:\Users\hugop\Documents\01 - Gamagora\04 - Synthése d'images\RayTracer_Gamagora\RayTracer\RayTracer.cpp(135,28): warning C4244: 'initialisation' : conversion de 'double' en 'float', perte possible de données
C:\Users\hugop\Documents\01 - Gamagora\04 - Synthése d'images\RayTracer_Gamagora\RayTracer\RayTracer.cpp(140,28): warning C4244: 'initialisation' : conversion de 'double' en 'float', perte possible de données
C:\Users\hugop\Documents\01 - Gamagora\04 - Synthése d'images\RayTracer_Gamagora\RayTracer\RayTracer.cpp(199,17): warning C4305: 'initialisation' : troncation de 'double' à 'const float'
C:\Users\hugop\Documents\01 - Gamagora\04 - Synthése d'images\RayTracer_Gamagora\RayTracer\RayTracer.cpp(209,23): warning C4244: 'initialisation' : conversion de 'double' en 'float', perte possible de données
C:\Users\hugop\Documents\01 - Gamagora\04 - Synthése d'images\RayTracer_Gamagora\RayTracer\RayTracer.cpp(243,39): warning C4244: 'initialisation' : conversion de 'double' en 'float', perte possible de données
C:\Users\hugop\Documents\01 - Gamagora\04 - Synthése d'images\RayTracer_Gamagora\RayTracer\RayTracer.cpp(256,39): warning C4244: 'initialisation' : conversion de 'double' en 'float', perte possible de données
C:\Users\hugop\Documents\01 - Gamagora\04 - Synthése d'images\RayTracer_Gamagora\RayTracer\RayTracer.cpp(269,25): warning C4244: 'initialisation' : conversion de 'double' en 'float', perte possible de données
C:\Users\hugop\Documents\01 - Gamagora\04 - Synthése d'images\RayTracer_Gamagora\RayTracer\RayTracer.cpp(310,52): warning C4244: 'argument' : conversion de 'float' en '_Tp', perte possible de données
          with
          [
              _Tp=uchar
          ]
C:\Users\hugop\Documents\01 - Gamagora\04 - Synthése d'images\RayTracer_Gamagora\RayTracer\RayTracer.cpp(310,45): warning C4244: 'argument' : conversion de 'float' en '_Tp', perte possible de données
          with
          [
              _Tp=uchar
          ]
C:\Users\hugop\Documents\01 - Gamagora\04 - Synthése d'images\RayTracer_Gamagora\RayTracer\RayTracer.cpp(310,38): warning C4244: 'argument' : conversion de 'float' en '_Tp', perte possible de données
          with
          [
              _Tp=uchar
          ]
C:\Users\hugop\Documents\01 - Gamagora\04 - Synthése d'images\RayTracer_Gamagora\RayTracer\RayTracer.cpp(332,38): warning C4244: 'argument' : conversion de 'double' en '_Tp', perte possible de données
          with
          [
              _Tp=uchar
          ]
C:\Users\hugop\Documents\01 - Gamagora\04 - Synthése d'images\RayTracer_Gamagora\RayTracer\RayTracer.cpp(337,70): warning C4305: 'initialisation' : troncation de 'double' à 'float'
C:\Users\hugop\Documents\01 - Gamagora\04 - Synthése d'images\RayTracer_Gamagora\RayTracer\RayTracer.cpp(339,74): warning C4305: 'initialisation' : troncation de 'double' à 'float'
C:\Users\hugop\Documents\01 - Gamagora\04 - Synthése d'images\RayTracer_Gamagora\RayTracer\RayTracer.cpp(340,75): warning C4305: 'initialisation' : troncation de 'double' à 'float'
C:\Users\hugop\Documents\01 - Gamagora\04 - Synthése d'images\RayTracer_Gamagora\RayTracer\RayTracer.cpp(341,80): warning C4305: 'initialisation' : troncation de 'double' à 'float'
C:\Users\hugop\Documents\01 - Gamagora\04 - Synthése d'images\RayTracer_Gamagora\RayTracer\RayTracer.cpp(342,81): warning C4305: 'initialisation' : troncation de 'double' à 'float'
C:\Users\hugop\Documents\01 - Gamagora\04 - Synthése d'images\RayTracer_Gamagora\RayTracer\RayTracer.cpp(343,79): warning C4305: 'initialisation' : troncation de 'double' à 'float'
C:\Users\hugop\Documents\01 - Gamagora\04 - Synthése d'images\RayTracer_Gamagora\RayTracer\RayTracer.cpp(357,27): warning C4305: 'initialisation' : troncation de 'double' à 'float'
C:\Program Files\Microsoft Visual Studio\2022\Community\VC\Tools\MSVC\14.34.31933\include\optional(83,17): warning C4244: 'initialisation' : conversion de '_Ty' en 'float', perte possible de données
          with
          [
              _Ty=int
          ]
C:\Users\hugop\Documents\01 - Gamagora\04 - Synthése d'images\RayTracer_Gamagora\RayTracer\RayTracer.cpp(379,1): message : voir la référence à l'instanciation de la fonction modèle 'std::_Optional_destruct_base<_Ty,true>::_Optional_destruct_base<int>(std::in_place_t,int &&) noexcept' en cours de compilation
          with
          [
              _Ty=float
          ]
C:\Users\hugop\Documents\01 - Gamagora\04 - Synthése d'images\RayTracer_Gamagora\RayTracer\RayTracer.cpp(379,1): message : voir la référence à l'instanciation de la fonction modèle 'std::_Optional_destruct_base<_Ty,true>::_Optional_destruct_base<int>(std::in_place_t,int &&) noexcept' en cours de compilation
          with
          [
              _Ty=float
          ]
C:\Program Files\Microsoft Visual Studio\2022\Community\VC\Tools\MSVC\14.34.31933\include\optional(247,1): message : voir la référence à l'instanciation de la fonction modèle 'std::_Optional_construct_base<_Ty>::_Optional_construct_base<int>(std::in_place_t,int &&)' en cours de compilation
          with
          [
              _Ty=float
          ]
C:\Program Files\Microsoft Visual Studio\2022\Community\VC\Tools\MSVC\14.34.31933\include\optional(247,18): message : voir la référence à l'instanciation de la fonction modèle 'std::_Optional_construct_base<_Ty>::_Optional_construct_base<int>(std::in_place_t,int &&)' en cours de compilation
          with
          [
              _Ty=float
          ]
C:\Users\hugop\Documents\01 - Gamagora\04 - Synthése d'images\RayTracer_Gamagora\RayTracer\RayTracer.cpp(27,9): message : voir la référence à l'instanciation de la fonction modèle 'std::optional<float>::optional<int,0>(_Ty2 &&) noexcept' en cours de compilation
          with
          [
              _Ty2=int
          ]
C:\Users\hugop\Documents\01 - Gamagora\04 - Synthése d'images\RayTracer_Gamagora\RayTracer\RayTracer.cpp(27,9): message : voir la référence à l'instanciation de la fonction modèle 'std::optional<float>::optional<int,0>(_Ty2 &&) noexcept' en cours de compilation
          with
          [
              _Ty2=int
          ]
  RayTracer.vcxproj -> C:\Users\hugop\Documents\01 - Gamagora\04 - Synthése d'images\RayTracer_Gamagora\x64\Debug\RayTracer.exe
